\BOOKMARK [1][-]{section.1}{\376\377\000P\000r\000o\000j\000e\000c\000t\000\040\000O\000v\000e\000r\000v\000i\000e\000w}{}% 1
\BOOKMARK [2][-]{subsection.1.1}{\376\377\000K\000e\000y\000\040\000R\000e\000s\000u\000l\000t\000s}{section.1}% 2
\BOOKMARK [1][-]{section.2}{\376\377\000M\000a\000t\000h\000e\000m\000a\000t\000i\000c\000a\000l\000\040\000F\000o\000u\000n\000d\000a\000t\000i\000o\000n}{}% 3
\BOOKMARK [2][-]{subsection.2.1}{\376\377\000D\000y\000n\000a\000m\000i\000c\000s\000\040\000M\000o\000d\000e\000l\000i\000n\000g}{section.2}% 4
\BOOKMARK [2][-]{subsection.2.2}{\376\377\000G\000a\000m\000e\000\040\000D\000e\000c\000o\000m\000p\000o\000s\000i\000t\000i\000o\000n}{section.2}% 5
\BOOKMARK [2][-]{subsection.2.3}{\376\377\000H\000a\000m\000i\000l\000t\000o\000n\000-\000J\000a\000c\000o\000b\000i\000\040\000R\000e\000a\000c\000h\000a\000b\000i\000l\000i\000t\000y}{section.2}% 6
\BOOKMARK [2][-]{subsection.2.4}{\376\377\000I\000n\000v\000a\000r\000i\000a\000n\000t\000\040\000C\000a\000p\000t\000u\000r\000e\000\040\000S\000e\000t\000s}{section.2}% 7
\BOOKMARK [2][-]{subsection.2.5}{\376\377\000C\000o\000m\000p\000u\000t\000a\000t\000i\000o\000n\000\040\000P\000i\000p\000e\000l\000i\000n\000e}{section.2}% 8
\BOOKMARK [2][-]{subsection.2.6}{\376\377\000C\000a\000p\000t\000u\000r\000e\000\040\000G\000u\000a\000r\000a\000n\000t\000e\000e\000\040\000A\000n\000a\000l\000y\000s\000i\000s}{section.2}% 9
\BOOKMARK [1][-]{section.3}{\376\377\000I\000m\000p\000l\000e\000m\000e\000n\000t\000a\000t\000i\000o\000n\000\040\000A\000r\000c\000h\000i\000t\000e\000c\000t\000u\000r\000e}{}% 10
\BOOKMARK [2][-]{subsection.3.1}{\376\377\000R\000e\000p\000o\000s\000i\000t\000o\000r\000y\000\040\000S\000t\000r\000u\000c\000t\000u\000r\000e}{section.3}% 11
\BOOKMARK [2][-]{subsection.3.2}{\376\377\000O\000f\000f\000l\000i\000n\000e\000\040\000C\000o\000m\000p\000u\000t\000a\000t\000i\000o\000n\000\040\000P\000a\000c\000k\000a\000g\000e\000:\000\040\000r\000e\000a\000c\000h\000\137\000a\000v\000o\000i\000d\000\137\000g\000a\000m\000e}{section.3}% 12
\BOOKMARK [3][-]{subsubsection.3.2.1}{\376\377\000D\000y\000n\000a\000m\000i\000c\000s\000\040\000C\000l\000a\000s\000s\000e\000s}{subsection.3.2}% 13
\BOOKMARK [3][-]{subsubsection.3.2.2}{\376\377\000S\000o\000l\000v\000e\000r\000\040\000F\000u\000n\000c\000t\000i\000o\000n\000s}{subsection.3.2}% 14
\BOOKMARK [3][-]{subsubsection.3.2.3}{\376\377\000C\000o\000n\000t\000r\000o\000l\000\040\000E\000x\000t\000r\000a\000c\000t\000i\000o\000n}{subsection.3.2}% 15
\BOOKMARK [3][-]{subsubsection.3.2.4}{\376\377\000W\000i\000n\000n\000i\000n\000g\000\040\000C\000o\000n\000d\000i\000t\000i\000o\000n\000s}{subsection.3.2}% 16
\BOOKMARK [3][-]{subsubsection.3.2.5}{\376\377\000V\000a\000l\000u\000e\000\040\000F\000u\000n\000c\000t\000i\000o\000n\000\040\000I\000/\000O}{subsection.3.2}% 17
\BOOKMARK [2][-]{subsection.3.3}{\376\377\000O\000n\000l\000i\000n\000e\000\040\000C\000o\000n\000t\000r\000o\000l\000:\000\040\000R\000O\000S\0002\000\040\000W\000o\000r\000k\000s\000p\000a\000c\000e}{section.3}% 18
\BOOKMARK [3][-]{subsubsection.3.3.1}{\376\377\000P\000a\000c\000k\000a\000g\000e\000\040\000O\000v\000e\000r\000v\000i\000e\000w}{subsection.3.3}% 19
\BOOKMARK [3][-]{subsubsection.3.3.2}{\376\377\000D\000e\000f\000e\000n\000d\000e\000r\000\040\000C\000o\000n\000t\000r\000o\000l\000l\000e\000r\000\040\000N\000o\000d\000e}{subsection.3.3}% 20
\BOOKMARK [3][-]{subsubsection.3.3.3}{\376\377\000R\000O\000S\0002\000\040\000T\000o\000p\000i\000c\000\040\000A\000r\000c\000h\000i\000t\000e\000c\000t\000u\000r\000e}{subsection.3.3}% 21
\BOOKMARK [2][-]{subsection.3.4}{\376\377\000C\000o\000n\000f\000i\000g\000u\000r\000a\000t\000i\000o\000n}{section.3}% 22
\BOOKMARK [1][-]{section.4}{\376\377\000R\000u\000n\000n\000i\000n\000g\000\040\000t\000h\000e\000\040\000O\000f\000f\000l\000i\000n\000e\000\040\000C\000o\000m\000p\000u\000t\000a\000t\000i\000o\000n}{}% 23
\BOOKMARK [2][-]{subsection.4.1}{\376\377\000P\000r\000e\000r\000e\000q\000u\000i\000s\000i\000t\000e\000s}{section.4}% 24
\BOOKMARK [2][-]{subsection.4.2}{\376\377\000C\000o\000m\000p\000u\000t\000i\000n\000g\000\040\000V\000a\000l\000u\000e\000\040\000F\000u\000n\000c\000t\000i\000o\000n\000s}{section.4}% 25
\BOOKMARK [3][-]{subsubsection.4.2.1}{\376\377\000S\000t\000e\000p\000\040\0001\000:\000\040\000V\000e\000r\000t\000i\000c\000a\000l\000\040\000P\000i\000p\000e\000l\000i\000n\000e}{subsection.4.2}% 26
\BOOKMARK [3][-]{subsubsection.4.2.2}{\376\377\000S\000t\000e\000p\000\040\0002\000:\000\040\000H\000o\000r\000i\000z\000o\000n\000t\000a\000l\000\040\000P\000i\000p\000e\000l\000i\000n\000e}{subsection.4.2}% 27
\BOOKMARK [2][-]{subsection.4.3}{\376\377\000R\000u\000n\000n\000i\000n\000g\000\040\000N\000u\000m\000e\000r\000i\000c\000a\000l\000\040\000S\000i\000m\000u\000l\000a\000t\000i\000o\000n\000s}{section.4}% 28
\BOOKMARK [2][-]{subsection.4.4}{\376\377\000G\000e\000n\000e\000r\000a\000t\000i\000n\000g\000\040\000P\000a\000p\000e\000r\000\040\000F\000i\000g\000u\000r\000e\000s}{section.4}% 29
\BOOKMARK [2][-]{subsection.4.5}{\376\377\000R\000u\000n\000n\000i\000n\000g\000\040\000T\000e\000s\000t\000s}{section.4}% 30
\BOOKMARK [1][-]{section.5}{\376\377\000R\000u\000n\000n\000i\000n\000g\000\040\000t\000h\000e\000\040\000G\000a\000z\000e\000b\000o\000\040\000S\000i\000m\000u\000l\000a\000t\000i\000o\000n}{}% 31
\BOOKMARK [2][-]{subsection.5.1}{\376\377\000P\000r\000e\000r\000e\000q\000u\000i\000s\000i\000t\000e\000s}{section.5}% 32
\BOOKMARK [2][-]{subsection.5.2}{\376\377\000D\000o\000c\000k\000e\000r\000\040\000S\000e\000t\000u\000p}{section.5}% 33
\BOOKMARK [2][-]{subsection.5.3}{\376\377\000L\000a\000u\000n\000c\000h\000\040\000C\000o\000m\000m\000a\000n\000d\000s}{section.5}% 34
\BOOKMARK [2][-]{subsection.5.4}{\376\377\000G\000a\000z\000e\000b\000o\000\040\000W\000o\000r\000l\000d}{section.5}% 35
\BOOKMARK [2][-]{subsection.5.5}{\376\377\000S\000i\000m\000u\000l\000a\000t\000i\000o\000n\000\040\000P\000a\000r\000a\000m\000e\000t\000e\000r\000s}{section.5}% 36
\BOOKMARK [1][-]{section.6}{\376\377\000R\000u\000n\000n\000i\000n\000g\000\040\000o\000n\000\040\000R\000e\000a\000l\000\040\000D\000r\000o\000n\000e\000s}{}% 37
\BOOKMARK [2][-]{subsection.6.1}{\376\377\000H\000a\000r\000d\000w\000a\000r\000e\000\040\000R\000e\000q\000u\000i\000r\000e\000m\000e\000n\000t\000s}{section.6}% 38
\BOOKMARK [2][-]{subsection.6.2}{\376\377\000S\000o\000f\000t\000w\000a\000r\000e\000\040\000S\000e\000t\000u\000p}{section.6}% 39
\BOOKMARK [2][-]{subsection.6.3}{\376\377\000C\000r\000a\000z\000y\000f\000l\000i\000e\000\040\000C\000o\000n\000f\000i\000g\000u\000r\000a\000t\000i\000o\000n}{section.6}% 40
\BOOKMARK [2][-]{subsection.6.4}{\376\377\000P\000r\000e\000-\000F\000l\000i\000g\000h\000t\000\040\000C\000h\000e\000c\000k\000l\000i\000s\000t}{section.6}% 41
\BOOKMARK [2][-]{subsection.6.5}{\376\377\000L\000a\000u\000n\000c\000h\000\040\000S\000e\000q\000u\000e\000n\000c\000e}{section.6}% 42
\BOOKMARK [2][-]{subsection.6.6}{\376\377\000S\000a\000f\000e\000t\000y\000\040\000M\000o\000n\000i\000t\000o\000r}{section.6}% 43
\BOOKMARK [2][-]{subsection.6.7}{\376\377\000C\000r\000a\000z\000y\000s\000w\000a\000r\000m\0002\000\040\000A\000d\000a\000p\000t\000e\000r}{section.6}% 44
\BOOKMARK [2][-]{subsection.6.8}{\376\377\000T\000u\000n\000i\000n\000g\000\040\000f\000o\000r\000\040\000R\000e\000a\000l\000\040\000H\000a\000r\000d\000w\000a\000r\000e}{section.6}% 45
\BOOKMARK [1][-]{section.7}{\376\377\000T\000r\000o\000u\000b\000l\000e\000s\000h\000o\000o\000t\000i\000n\000g}{}% 46
\BOOKMARK [1][-]{section.8}{\376\377\000R\000e\000f\000e\000r\000e\000n\000c\000e\000s}{}% 47
